# JRE version: OpenJDK Runtime Environment (8.0_265-b01) (build 1.8.0_265-b01)
# Java VM: OpenJDK 64-Bit Server VM (25.265-b01 mixed mode windows-amd64 compressed oops)
Heap:
 PSYoungGen      total 1129472K, used 929096K [0x000000076b800000, 0x00000007bf980000, 0x00000007c0000000)
  eden space 1128960K, 82% used [0x000000076b800000,0x00000007a4352248,0x00000007b0680000)
  from space 512K, 0% used [0x00000007b0680000,0x00000007b0680000,0x00000007b0700000)
  to   space 124416K, 0% used [0x00000007b8000000,0x00000007b8000000,0x00000007bf980000)
 ParOldGen       total 1706496K, used 1562465K [0x00000006c2800000, 0x0000000747080000, 0x000000076b800000)
  object space 1706496K, 91% used [0x00000006c2800000,0x0000000721dd8608,0x000000072aa80000)
 Metaspace       used 58459K, capacity 61389K, committed 62256K, reserved 1103872K
  class space    used 6838K, capacity 7881K, committed 7984K, reserved 1048576K
GC Heap History (10 events):
Event: 1026.660 GC heap before
{Heap before GC invocations=114 (full 83):
 PSYoungGen      total 1129472K, used 943198K [0x000000076b800000, 0x00000007bf980000, 0x00000007c0000000)
  eden space 1128960K, 83% used [0x000000076b800000,0x00000007a5117a00,0x00000007b0680000)
  from space 512K, 0% used [0x00000007b0680000,0x00000007b0680000,0x00000007b0700000)
  to   space 124416K, 0% used [0x00000007b8000000,0x00000007b8000000,0x00000007bf980000)
 ParOldGen       total 1706496K, used 1098039K [0x00000006c2800000, 0x000000072aa80000, 0x000000076b800000)
  object space 1706496K, 64% used [0x00000006c2800000,0x000000070584de88,0x000000072aa80000)
 Metaspace       used 58482K, capacity 61425K, committed 62256K, reserved 1103872K
  class space    used 6841K, capacity 7887K, committed 7984K, reserved 1048576K
Event: 1026.908 GC heap after
Heap after GC invocations=114 (full 83):
 PSYoungGen      total 1129472K, used 0K [0x000000076b800000, 0x00000007bf980000, 0x00000007c0000000)
  eden space 1128960K, 0% used [0x000000076b800000,0x000000076b800000,0x00000007b0680000)
  from space 512K, 0% used [0x00000007b0680000,0x00000007b0680000,0x00000007b0700000)
  to   space 124416K, 0% used [0x00000007b8000000,0x00000007b8000000,0x00000007bf980000)
 ParOldGen       total 1706496K, used 1562614K [0x00000006c2800000, 0x000000072aa80000, 0x000000076b800000)
  object space 1706496K, 91% used [0x00000006c2800000,0x0000000721dfd908,0x000000072aa80000)
 Metaspace       used 58482K, capacity 61425K, committed 62256K, reserved 1103872K
  class space    used 6841K, capacity 7887K, committed 7984K, reserved 1048576K
}
Event: 1027.068 GC heap before
{Heap before GC invocations=115 (full 84):
 PSYoungGen      total 1129472K, used 944099K [0x000000076b800000, 0x00000007bf980000, 0x00000007c0000000)
  eden space 1128960K, 83% used [0x000000076b800000,0x00000007a51f8e58,0x00000007b0680000)
  from space 512K, 0% used [0x00000007b0680000,0x00000007b0680000,0x00000007b0700000)
  to   space 124416K, 0% used [0x00000007b8000000,0x00000007b8000000,0x00000007bf980000)
 ParOldGen       total 1706496K, used 1562614K [0x00000006c2800000, 0x000000072aa80000, 0x000000076b800000)
  object space 1706496K, 91% used [0x00000006c2800000,0x0000000721dfd908,0x000000072aa80000)
 Metaspace       used 58482K, capacity 61425K, committed 62256K, reserved 1103872K
  class space    used 6841K, capacity 7887K, committed 7984K, reserved 1048576K
Event: 1027.726 GC heap after
Heap after GC invocations=115 (full 84):
 PSYoungGen      total 1129472K, used 696821K [0x000000076b800000, 0x00000007bf980000, 0x00000007c0000000)
  eden space 1128960K, 61% used [0x000000076b800000,0x000000079607d680,0x00000007b0680000)
  from space 512K, 0% used [0x00000007b0680000,0x00000007b0680000,0x00000007b0700000)
  to   space 124416K, 0% used [0x00000007b8000000,0x00000007b8000000,0x00000007bf980000)
 ParOldGen       total 1706496K, used 1562569K [0x00000006c2800000, 0x000000072aa80000, 0x000000076b800000)
  object space 1706496K, 91% used [0x00000006c2800000,0x0000000721df2750,0x000000072aa80000)
 Metaspace       used 58482K, capacity 61425K, committed 62256K, reserved 1103872K
  class space    used 6841K, capacity 7887K, committed 7984K, reserved 1048576K
}
Event: 1027.776 GC heap before
{Heap before GC invocations=116 (full 85):
 PSYoungGen      total 1129472K, used 944681K [0x000000076b800000, 0x00000007bf980000, 0x00000007c0000000)
  eden space 1128960K, 83% used [0x000000076b800000,0x00000007a528a448,0x00000007b0680000)
  from space 512K, 0% used [0x00000007b0680000,0x00000007b0680000,0x00000007b0700000)
  to   space 124416K, 0% used [0x00000007b8000000,0x00000007b8000000,0x00000007bf980000)
 ParOldGen       total 1706496K, used 1562569K [0x00000006c2800000, 0x000000072aa80000, 0x000000076b800000)
  object space 1706496K, 91% used [0x00000006c2800000,0x0000000721df2750,0x000000072aa80000)
 Metaspace       used 58482K, capacity 61425K, committed 62256K, reserved 1103872K
  class space    used 6841K, capacity 7887K, committed 7984K, reserved 1048576K
Event: 1027.958 GC heap after
Heap after GC invocations=116 (full 85):
 PSYoungGen      total 1129472K, used 696822K [0x000000076b800000, 0x00000007bf980000, 0x00000007c0000000)
  eden space 1128960K, 61% used [0x000000076b800000,0x000000079607db18,0x00000007b0680000)
  from space 512K, 0% used [0x00000007b0680000,0x00000007b0680000,0x00000007b0700000)
  to   space 124416K, 0% used [0x00000007b8000000,0x00000007b8000000,0x00000007bf980000)
 ParOldGen       total 1706496K, used 1562569K [0x00000006c2800000, 0x000000072aa80000, 0x000000076b800000)
  object space 1706496K, 91% used [0x00000006c2800000,0x0000000721df2750,0x000000072aa80000)
 Metaspace       used 58482K, capacity 61425K, committed 62256K, reserved 1103872K
  class space    used 6841K, capacity 7887K, committed 7984K, reserved 1048576K
}
Event: 1028.078 GC heap before
{Heap before GC invocations=117 (full 86):
 PSYoungGen      total 1129472K, used 929096K [0x000000076b800000, 0x00000007bf980000, 0x00000007c0000000)
  eden space 1128960K, 82% used [0x000000076b800000,0x00000007a43522b8,0x00000007b0680000)
  from space 512K, 0% used [0x00000007b0680000,0x00000007b0680000,0x00000007b0700000)
  to   space 124416K, 0% used [0x00000007b8000000,0x00000007b8000000,0x00000007bf980000)
 ParOldGen       total 1706496K, used 1562569K [0x00000006c2800000, 0x000000072aa80000, 0x000000076b800000)
  object space 1706496K, 91% used [0x00000006c2800000,0x0000000721df2750,0x000000072aa80000)
 Metaspace       used 58482K, capacity 61425K, committed 62256K, reserved 1103872K
  class space    used 6841K, capacity 7887K, committed 7984K, reserved 1048576K
Event: 1028.316 GC heap after
Heap after GC invocations=117 (full 86):
 PSYoungGen      total 1129472K, used 929096K [0x000000076b800000, 0x00000007bf980000, 0x00000007c0000000)
  eden space 1128960K, 82% used [0x000000076b800000,0x00000007a4352248,0x00000007b0680000)
  from space 512K, 0% used [0x00000007b0680000,0x00000007b0680000,0x00000007b0700000)
  to   space 124416K, 0% used [0x00000007b8000000,0x00000007b8000000,0x00000007bf980000)
 ParOldGen       total 1706496K, used 1562569K [0x00000006c2800000, 0x000000072aa80000, 0x000000076b800000)
  object space 1706496K, 91% used [0x00000006c2800000,0x0000000721df2750,0x000000072aa80000)
 Metaspace       used 58482K, capacity 61425K, committed 62256K, reserved 1103872K
  class space    used 6841K, capacity 7887K, committed 7984K, reserved 1048576K
}
Event: 1028.316 GC heap before
{Heap before GC invocations=118 (full 87):
 PSYoungGen      total 1129472K, used 929096K [0x000000076b800000, 0x00000007bf980000, 0x00000007c0000000)
  eden space 1128960K, 82% used [0x000000076b800000,0x00000007a4352248,0x00000007b0680000)
  from space 512K, 0% used [0x00000007b0680000,0x00000007b0680000,0x00000007b0700000)
  to   space 124416K, 0% used [0x00000007b8000000,0x00000007b8000000,0x00000007bf980000)
 ParOldGen       total 1706496K, used 1562569K [0x00000006c2800000, 0x000000072aa80000, 0x000000076b800000)
  object space 1706496K, 91% used [0x00000006c2800000,0x0000000721df2750,0x000000072aa80000)
 Metaspace       used 58482K, capacity 61425K, committed 62256K, reserved 1103872K
  class space    used 6841K, capacity 7887K, committed 7984K, reserved 1048576K
Event: 1028.708 GC heap after
Heap after GC invocations=118 (full 87):
 PSYoungGen      total 1129472K, used 929096K [0x000000076b800000, 0x00000007bf980000, 0x00000007c0000000)
  eden space 1128960K, 82% used [0x000000076b800000,0x00000007a4352248,0x00000007b0680000)
  from space 512K, 0% used [0x00000007b0680000,0x00000007b0680000,0x00000007b0700000)
  to   space 124416K, 0% used [0x00000007b8000000,0x00000007b8000000,0x00000007bf980000)
 ParOldGen       total 1706496K, used 1562465K [0x00000006c2800000, 0x000000072aa80000, 0x000000076b800000)
  object space 1706496K, 91% used [0x00000006c2800000,0x0000000721dd8608,0x000000072aa80000)
 Metaspace       used 58459K, capacity 61389K, committed 62256K, reserved 1103872K
  class space    used 6838K, capacity 7881K, committed 7984K, reserved 1048576K
}

